{
  "RSpec": {
    "coverage": {
      "/Users/xael/dev/WDI Projects/Project Repositories/Project 2/happy_find_app/app/models/order.rb": [
        1,
        1,
        1,
        1,
        null,
        1,
        null
      ],
      "/Users/xael/dev/WDI Projects/Project Repositories/Project 2/happy_find_app/app/models/application_record.rb": [
        1,
        1,
        null
      ],
      "/Users/xael/dev/WDI Projects/Project Repositories/Project 2/happy_find_app/spec/models/service_spec.rb": [
        1,
        null,
        1,
        1,
        5,
        null,
        1,
        1,
        null,
        null,
        1,
        4,
        null,
        1,
        1,
        null,
        null,
        1,
        1,
        null,
        null,
        1,
        1,
        null,
        null,
        null,
        null,
        1,
        1,
        1,
        1,
        null,
        null,
        null,
        null,
        null,
        1,
        1,
        null,
        null,
        null
      ],
      "/Users/xael/dev/WDI Projects/Project Repositories/Project 2/happy_find_app/app/models/service.rb": [
        null,
        null,
        null,
        null,
        null,
        null,
        null,
        1,
        1,
        1,
        1,
        null,
        1,
        null
      ],
      "/Users/xael/dev/WDI Projects/Project Repositories/Project 2/happy_find_app/spec/models/skill_spec.rb": [
        1,
        null,
        1,
        1,
        1,
        null,
        1,
        null,
        null,
        1,
        1,
        1,
        null,
        1,
        null,
        null,
        1,
        1,
        null,
        1,
        null,
        null,
        null
      ],
      "/Users/xael/dev/WDI Projects/Project Repositories/Project 2/happy_find_app/app/models/skill.rb": [
        null,
        null,
        null,
        null,
        null,
        null,
        null,
        null,
        1,
        1,
        null
      ],
      "/Users/xael/dev/WDI Projects/Project Repositories/Project 2/happy_find_app/spec/models/user_spec.rb": [
        null,
        null,
        null,
        null,
        null,
        null,
        null,
        null,
        null,
        null,
        null,
        null,
        null,
        null,
        1,
        null,
        1,
        2,
        null,
        1,
        1,
        1,
        1,
        1,
        null,
        null,
        1,
        1,
        null,
        null,
        1,
        1,
        null,
        null,
        null,
        null,
        null,
        1,
        null,
        null,
        1,
        1,
        null,
        null,
        null,
        null,
        null,
        null,
        1,
        null,
        null,
        null,
        null,
        null,
        null,
        1,
        null,
        null,
        null,
        null,
        null,
        null,
        1,
        null,
        null,
        1,
        4,
        null,
        1,
        1,
        null,
        null,
        1,
        1,
        null,
        null,
        1,
        1,
        null,
        null,
        null,
        1,
        4,
        null,
        1,
        1,
        null,
        null,
        1,
        1,
        null,
        null,
        1,
        1,
        null,
        null,
        null
      ],
      "/Users/xael/dev/WDI Projects/Project Repositories/Project 2/happy_find_app/app/models/user.rb": [
        null,
        null,
        null,
        null,
        null,
        null,
        null,
        null,
        null,
        null,
        null,
        null,
        null,
        null,
        1,
        1,
        1,
        null
      ],
      "/Users/xael/dev/WDI Projects/Project Repositories/Project 2/happy_find_app/app/models/customer.rb": [
        null,
        null,
        null,
        null,
        null,
        null,
        null,
        null,
        null,
        null,
        null,
        null,
        null,
        null,
        1,
        null,
        null
      ],
      "/Users/xael/dev/WDI Projects/Project Repositories/Project 2/happy_find_app/app/models/supplier.rb": [
        null,
        null,
        null,
        null,
        null,
        null,
        null,
        null,
        null,
        null,
        null,
        null,
        null,
        null,
        1,
        null,
        null
      ]
    },
    "timestamp": 1534230500
  }
}
