{
  "RSpec": {
    "coverage": {
      "/Users/xael/dev/WDI Projects/Project Repositories/Project 2/happy_find_app/app/models/order.rb": [
        1,
        1,
        1,
        1,
        null,
        1,
        null
      ],
      "/Users/xael/dev/WDI Projects/Project Repositories/Project 2/happy_find_app/app/models/application_record.rb": [
        1,
        1,
        null
      ],
      "/Users/xael/dev/WDI Projects/Project Repositories/Project 2/happy_find_app/app/models/customer.rb": [
        null,
        null,
        null,
        null,
        null,
        null,
        null,
        null,
        null,
        null,
        null,
        null,
        null,
        null,
        1,
        null,
        null
      ],
      "/Users/xael/dev/WDI Projects/Project Repositories/Project 2/happy_find_app/app/models/user.rb": [
        null,
        null,
        null,
        null,
        null,
        null,
        null,
        null,
        null,
        null,
        null,
        null,
        null,
        null,
        1,
        1,
        1,
        null
      ],
      "/Users/xael/dev/WDI Projects/Project Repositories/Project 2/happy_find_app/app/models/supplier.rb": [
        null,
        null,
        null,
        null,
        null,
        null,
        null,
        null,
        null,
        null,
        null,
        null,
        null,
        null,
        1,
        null,
        null
      ],
      "/Users/xael/dev/WDI Projects/Project Repositories/Project 2/happy_find_app/app/models/service.rb": [
        null,
        null,
        null,
        null,
        null,
        null,
        null,
        1,
        null
      ]
    },
    "timestamp": 1534229981
  }
}
